<?xml version="1.0" encoding="UTF-8"?>
<testsuite name="AnagramTest" tests="12" skipped="0" failures="0" errors="0" timestamp="2019-07-04T06:35:39" hostname="srikkanth-Latitude-E6420" time="0.012">
  <properties/>
  <testcase name="testCaseInsensitiveWhenBothAnagramAndSubjectStartWithUpperCaseLetter" classname="AnagramTest" time="0.005"/>
  <testcase name="testEliminateAnagramSubsets" classname="AnagramTest" time="0.0"/>
  <testcase name="testAnagramMustUseAllLettersExactlyOnce" classname="AnagramTest" time="0.0"/>
  <testcase name="testIdenticalWordRepeatedIsNotAnagram" classname="AnagramTest" time="0.0"/>
  <testcase name="testDetectMultipleAnagramsForLongerWord" classname="AnagramTest" time="0.002"/>
  <testcase name="testDetectMultipleAnagrams" classname="AnagramTest" time="0.001"/>
  <testcase name="testWordsAreNotAnagramsOfThemselvesCaseInsensitive" classname="AnagramTest" time="0.0"/>
  <testcase name="testCaseInsensitiveWhenSubjectStartsWithUpperCaseLetter" classname="AnagramTest" time="0.001"/>
  <testcase name="testCaseInsensitiveWhenAnagramStartsWithUpperCaseLetter" classname="AnagramTest" time="0.0"/>
  <testcase name="testDetectLongerAnagram" classname="AnagramTest" time="0.0"/>
  <testcase name="testNoMatches" classname="AnagramTest" time="0.0"/>
  <testcase name="testEliminateAnagramsWithSameChecksum" classname="AnagramTest" time="0.0"/>
  <system-out><![CDATA[]]></system-out>
  <system-err><![CDATA[]]></system-err>
</testsuite>
